<?xml version="1.0" encoding="UTF-8"?>
<testsuite xmlns:xsi="http://www.w3.org/2001/XMLSchema-instance" xsi:noNamespaceSchemaLocation="https://maven.apache.org/surefire/maven-surefire-plugin/xsd/surefire-test-report.xsd" name="com.nowcoder.AppTest" time="0.06" tests="1" errors="0" skipped="0" failures="0">
  <properties>
    <property name="java.specification.version" value="15"/>
    <property name="sun.cpu.isalist" value="amd64"/>
    <property name="sun.jnu.encoding" value="GBK"/>
    <property name="java.class.path" value="D:\work\workspace\mavendemo2\target\test-classes;D:\work\workspace\mavendemo2\target\classes;C:\Users\forest\.m2\repository\junit\junit\4.11\junit-4.11.jar;C:\Users\forest\.m2\repository\org\hamcrest\hamcrest-core\1.3\hamcrest-core-1.3.jar;"/>
    <property name="java.vm.vendor" value="Oracle Corporation"/>
    <property name="sun.arch.data.model" value="64"/>
    <property name="user.variant" value=""/>
    <property name="java.vendor.url" value="https://java.oracle.com/"/>
    <property name="user.timezone" value="Asia/Shanghai"/>
    <property name="os.name" value="Windows 10"/>
    <property name="java.vm.specification.version" value="15"/>
    <property name="sun.java.launcher" value="SUN_STANDARD"/>
    <property name="user.country" value="CN"/>
    <property name="sun.boot.library.path" value="D:\idea\JAVA\jdk-15.1\bin"/>
    <property name="sun.java.command" value="C:\Users\forest\AppData\Local\Temp\surefire7963742276441607202\surefirebooter2072646913251212639.jar C:\Users\forest\AppData\Local\Temp\surefire7963742276441607202 2021-05-27T22-14-16_030-jvmRun1 surefire9503430679465894741tmp surefire_016666573122478614733tmp"/>
    <property name="jdk.debug" value="release"/>
    <property name="surefire.test.class.path" value="D:\work\workspace\mavendemo2\target\test-classes;D:\work\workspace\mavendemo2\target\classes;C:\Users\forest\.m2\repository\junit\junit\4.11\junit-4.11.jar;C:\Users\forest\.m2\repository\org\hamcrest\hamcrest-core\1.3\hamcrest-core-1.3.jar;"/>
    <property name="sun.cpu.endian" value="little"/>
    <property name="user.home" value="C:\Users\forest"/>
    <property name="user.language" value="zh"/>
    <property name="java.specification.vendor" value="Oracle Corporation"/>
    <property name="java.version.date" value="2020-10-20"/>
    <property name="java.home" value="D:\idea\JAVA\jdk-15.1"/>
    <property name="file.separator" value="\"/>
    <property name="basedir" value="D:\work\workspace\mavendemo2"/>
    <property name="java.vm.compressedOopsMode" value="Zero based"/>
    <property name="line.separator" value="&#10;"/>
    <property name="java.vm.specification.vendor" value="Oracle Corporation"/>
    <property name="java.specification.name" value="Java Platform API Specification"/>
    <property name="surefire.real.class.path" value="C:\Users\forest\AppData\Local\Temp\surefire7963742276441607202\surefirebooter2072646913251212639.jar"/>
    <property name="user.script" value=""/>
    <property name="sun.management.compiler" value="HotSpot 64-Bit Tiered Compilers"/>
    <property name="java.runtime.version" value="15.0.1+9-18"/>
    <property name="user.name" value="forest"/>
    <property name="path.separator" value=";"/>
    <property name="os.version" value="10.0"/>
    <property name="java.runtime.name" value="Java(TM) SE Runtime Environment"/>
    <property name="file.encoding" value="GBK"/>
    <property name="java.vm.name" value="Java HotSpot(TM) 64-Bit Server VM"/>
    <property name="localRepository" value="C:\Users\forest\.m2\repository"/>
    <property name="java.vendor.url.bug" value="https://bugreport.java.com/bugreport/"/>
    <property name="java.io.tmpdir" value="C:\Users\forest\AppData\Local\Temp\"/>
    <property name="idea.version" value="2020.3.3"/>
    <property name="java.version" value="15.0.1"/>
    <property name="user.dir" value="D:\work\workspace\mavendemo2"/>
    <property name="os.arch" value="amd64"/>
    <property name="java.vm.specification.name" value="Java Virtual Machine Specification"/>
    <property name="sun.os.patch.level" value=""/>
    <property name="java.library.path" value="D:\idea\JAVA\jdk-15.1\bin;C:\Windows\Sun\Java\bin;C:\Windows\system32;C:\Windows;C:\Windows\system32;C:\Windows;C:\Windows\System32\Wbem;C:\Windows\System32\WindowsPowerShell\v1.0\;C:\Windows\System32\OpenSSH\;C:\Program Files\dotnet\;D:\Software\Git\cmd;D:\idea\JAVA\jdk-15.1\bin;C:\Program Files\MySQL\MySQL Server 8.0\bin;D:\java\apache-tomcat-10.0.5\bin;D:\java\apache-maven-3.6.2\bin;C:\Python\Python39\Scripts\;C:\Python\Python39\;C:\Users\forest\AppData\Local\Microsoft\WindowsApps;D:\工具\;C:\Users\forest\.dotnet\tools;C:\Program Files\CMake\bin;D:\Program Files\Microsoft VS Code\bin;D:\Download\PyCharm Community Edition 2020.3\bin;;D:\Download\PyCharm 2020.3\bin;;."/>
    <property name="java.vm.info" value="mixed mode, sharing"/>
    <property name="java.vendor" value="Oracle Corporation"/>
    <property name="java.vm.version" value="15.0.1+9-18"/>
    <property name="sun.io.unicode.encoding" value="UnicodeLittle"/>
    <property name="java.class.version" value="59.0"/>
  </properties>
  <testcase name="shouldAnswerWithTrue" classname="com.nowcoder.AppTest" time="0.002"/>
</testsuite>